<?xml version="1.0" encoding="UTF-8"?>
<testng-results ignored="0" total="0" passed="0" failed="0" skipped="0">
  <reporter-output>
  </reporter-output>
  <suite started-at="2020-06-05T14:42:14 MSK" name="colesico.framework.test.example.restlet.DemoTest" finished-at="2020-06-05T14:42:14 MSK" duration-ms="4">
    <groups>
    </groups>
    <test started-at="2020-06-05T14:42:14 MSK" name="Command line test" finished-at="2020-06-05T14:42:14 MSK" duration-ms="4">
    </test> <!-- Command line test -->
  </suite> <!-- colesico.framework.test.example.restlet.DemoTest -->
</testng-results>
